{"level":"info","message":"Logger initialized successfully","timestamp":"2024-10-02T06:24:32.621Z"}
{"level":"info","message":"Server running on port %d","timestamp":"2024-10-02T06:24:33.482Z"}
{"level":"info","message":"Connected to MySQL database","timestamp":"2024-10-02T06:24:33.524Z"}
{"level":"info","message":"Connected to MySQL database","timestamp":"2024-10-02T06:24:33.525Z"}
{"level":"info","message":"Retrieved activities successfully","timestamp":"2024-10-02T06:24:49.297Z"}
{"level":"info","message":"Activity created successfully","name":"New Activity","timestamp":"2024-10-02T06:24:54.847Z"}
{"level":"info","message":"Activity with ID: 1 updated successfully","name":"Updated Activity","timestamp":"2024-10-02T06:24:58.793Z"}
{"code":"ER_ROW_IS_REFERENCED_2","errno":1451,"level":"error","message":"Error deleting activity: Cannot delete or update a parent row: a foreign key constraint fails (`timesheet_app`.`timesheets`, CONSTRAINT `fk_activity` FOREIGN KEY (`activity_id`) REFERENCES `activities` (`id`))","sql":"DELETE FROM activities WHERE id = '1'","sqlMessage":"Cannot delete or update a parent row: a foreign key constraint fails (`timesheet_app`.`timesheets`, CONSTRAINT `fk_activity` FOREIGN KEY (`activity_id`) REFERENCES `activities` (`id`))","sqlState":"23000","stack":"Error: Cannot delete or update a parent row: a foreign key constraint fails (`timesheet_app`.`timesheets`, CONSTRAINT `fk_activity` FOREIGN KEY (`activity_id`) REFERENCES `activities` (`id`))\n    at Packet.asError (/Users/matthewflath/timesheet-app/node_modules/mysql2/lib/packets/packet.js:738:17)\n    at Query.execute (/Users/matthewflath/timesheet-app/node_modules/mysql2/lib/commands/command.js:29:26)\n    at Connection.handlePacket (/Users/matthewflath/timesheet-app/node_modules/mysql2/lib/connection.js:481:34)\n    at PacketParser.onPacket (/Users/matthewflath/timesheet-app/node_modules/mysql2/lib/connection.js:97:12)\n    at PacketParser.executeStart (/Users/matthewflath/timesheet-app/node_modules/mysql2/lib/packet_parser.js:75:16)\n    at Socket.<anonymous> (/Users/matthewflath/timesheet-app/node_modules/mysql2/lib/connection.js:104:25)\n    at Socket.emit (node:events:519:28)\n    at addChunk (node:internal/streams/readable:561:12)\n    at readableAddChunkPushByteMode (node:internal/streams/readable:512:3)\n    at Readable.push (node:internal/streams/readable:392:5)","timestamp":"2024-10-02T06:25:09.609Z"}
{"level":"info","message":"Retrieved activities successfully","timestamp":"2024-10-02T06:26:07.063Z"}
{"code":"ER_ROW_IS_REFERENCED_2","errno":1451,"level":"error","message":"Error deleting activity: Cannot delete or update a parent row: a foreign key constraint fails (`timesheet_app`.`timesheets`, CONSTRAINT `fk_activity` FOREIGN KEY (`activity_id`) REFERENCES `activities` (`id`))","sql":"DELETE FROM activities WHERE id = '1'","sqlMessage":"Cannot delete or update a parent row: a foreign key constraint fails (`timesheet_app`.`timesheets`, CONSTRAINT `fk_activity` FOREIGN KEY (`activity_id`) REFERENCES `activities` (`id`))","sqlState":"23000","stack":"Error: Cannot delete or update a parent row: a foreign key constraint fails (`timesheet_app`.`timesheets`, CONSTRAINT `fk_activity` FOREIGN KEY (`activity_id`) REFERENCES `activities` (`id`))\n    at Packet.asError (/Users/matthewflath/timesheet-app/node_modules/mysql2/lib/packets/packet.js:738:17)\n    at Query.execute (/Users/matthewflath/timesheet-app/node_modules/mysql2/lib/commands/command.js:29:26)\n    at Connection.handlePacket (/Users/matthewflath/timesheet-app/node_modules/mysql2/lib/connection.js:481:34)\n    at PacketParser.onPacket (/Users/matthewflath/timesheet-app/node_modules/mysql2/lib/connection.js:97:12)\n    at PacketParser.executeStart (/Users/matthewflath/timesheet-app/node_modules/mysql2/lib/packet_parser.js:75:16)\n    at Socket.<anonymous> (/Users/matthewflath/timesheet-app/node_modules/mysql2/lib/connection.js:104:25)\n    at Socket.emit (node:events:519:28)\n    at addChunk (node:internal/streams/readable:561:12)\n    at readableAddChunkPushByteMode (node:internal/streams/readable:512:3)\n    at Readable.push (node:internal/streams/readable:392:5)","timestamp":"2024-10-02T06:26:28.376Z"}
{"level":"info","message":"Activity with ID: 1 deleted successfully","timestamp":"2024-10-02T06:28:13.882Z"}
{"level":"info","message":"Logger initialized successfully","timestamp":"2024-10-02T06:37:46.673Z"}
{"level":"info","message":"Server running on port %d","timestamp":"2024-10-02T06:37:46.725Z"}
{"level":"info","message":"Connected to MySQL database","timestamp":"2024-10-02T06:37:46.736Z"}
{"level":"info","message":"Connected to MySQL database","timestamp":"2024-10-02T06:37:46.737Z"}
{"level":"info","message":"Logger initialized successfully","timestamp":"2024-10-02T06:39:25.097Z"}
{"level":"info","message":"Server running on port %d","timestamp":"2024-10-02T06:39:25.127Z"}
{"level":"info","message":"Connected to MySQL database","timestamp":"2024-10-02T06:39:25.138Z"}
{"level":"info","message":"Connected to MySQL database","timestamp":"2024-10-02T06:39:25.139Z"}
{"level":"info","message":"Logger initialized successfully","timestamp":"2024-10-02T06:42:22.978Z"}
{"level":"info","message":"Server running on port %d","timestamp":"2024-10-02T06:42:23.010Z"}
{"level":"info","message":"Connected to MySQL database","timestamp":"2024-10-02T06:42:23.020Z"}
{"level":"info","message":"Connected to MySQL database","timestamp":"2024-10-02T06:42:23.021Z"}
{"level":"info","message":"Logger initialized successfully","timestamp":"2024-10-02T06:44:38.752Z"}
{"level":"info","message":"Server running on port %d","timestamp":"2024-10-02T06:44:38.782Z"}
{"level":"info","message":"Connected to MySQL database","timestamp":"2024-10-02T06:44:38.793Z"}
{"level":"info","message":"Connected to MySQL database","timestamp":"2024-10-02T06:44:38.794Z"}
{"level":"info","message":"Retrieved activities successfully","timestamp":"2024-10-02T06:44:48.141Z"}
{"level":"info","message":"Activity created successfully","name":"New Activity","timestamp":"2024-10-02T06:44:53.282Z"}
{"level":"info","message":"Activity with ID: 1 updated successfully","name":"Updated Activity Name","timestamp":"2024-10-02T06:44:56.964Z"}
{"level":"info","message":"Activity with ID: 1 deleted successfully","timestamp":"2024-10-02T06:45:00.928Z"}
{"level":"info","message":"Retrieved active activities successfully","timestamp":"2024-10-02T06:45:04.397Z"}
{"level":"info","message":"Activity with ID: 1 hidden successfully","timestamp":"2024-10-02T06:45:08.588Z"}
{"level":"info","message":"Activity with ID: 1 unhidden successfully","timestamp":"2024-10-02T06:45:13.349Z"}
{"level":"info","message":"Logger initialized successfully","timestamp":"2024-10-02T20:33:02.635Z"}
{"level":"info","message":"Server running on port %d","timestamp":"2024-10-02T20:33:03.083Z"}
{"level":"info","message":"Connected to MySQL database","timestamp":"2024-10-02T20:33:03.115Z"}
{"level":"info","message":"Connected to MySQL database","timestamp":"2024-10-02T20:33:03.116Z"}
{"level":"error","message":"Error registering user: You have tried to call .then(), .catch(), or invoked await on the result of query that is not a promise, which is a programming error. Try calling con.promise().query(), or require('mysql2/promise') instead of 'mysql2' for a promise-compatible version of the query interface. To learn how to use async/await or Promises check out documentation at https://sidorares.github.io/node-mysql2/docs#using-promise-wrapper, or the mysql2 documentation at https://sidorares.github.io/node-mysql2/docs/documentation/promise-wrapper","stack":"Error: You have tried to call .then(), .catch(), or invoked await on the result of query that is not a promise, which is a programming error. Try calling con.promise().query(), or require('mysql2/promise') instead of 'mysql2' for a promise-compatible version of the query interface. To learn how to use async/await or Promises check out documentation at https://sidorares.github.io/node-mysql2/docs#using-promise-wrapper, or the mysql2 documentation at https://sidorares.github.io/node-mysql2/docs/documentation/promise-wrapper\n    at Query.then (/Users/matthewflath/timesheet-app/node_modules/mysql2/lib/commands/query.js:43:11)","timestamp":"2024-10-02T20:33:18.289Z"}
{"level":"info","message":"User logged in successfully:","timestamp":"2024-10-02T20:33:23.894Z","username":"testuser"}
{"level":"error","message":"Error registering user: You have tried to call .then(), .catch(), or invoked await on the result of query that is not a promise, which is a programming error. Try calling con.promise().query(), or require('mysql2/promise') instead of 'mysql2' for a promise-compatible version of the query interface. To learn how to use async/await or Promises check out documentation at https://sidorares.github.io/node-mysql2/docs#using-promise-wrapper, or the mysql2 documentation at https://sidorares.github.io/node-mysql2/docs/documentation/promise-wrapper","stack":"Error: You have tried to call .then(), .catch(), or invoked await on the result of query that is not a promise, which is a programming error. Try calling con.promise().query(), or require('mysql2/promise') instead of 'mysql2' for a promise-compatible version of the query interface. To learn how to use async/await or Promises check out documentation at https://sidorares.github.io/node-mysql2/docs#using-promise-wrapper, or the mysql2 documentation at https://sidorares.github.io/node-mysql2/docs/documentation/promise-wrapper\n    at Query.then (/Users/matthewflath/timesheet-app/node_modules/mysql2/lib/commands/query.js:43:11)","timestamp":"2024-10-02T20:33:28.621Z"}
{"fatal":true,"level":"error","message":"Error updating user password: Can't add new command when connection is in closed state","stack":"Error: Can't add new command when connection is in closed state\n    at Connection._addCommandClosedState (/Users/matthewflath/timesheet-app/node_modules/mysql2/lib/connection.js:164:17)\n    at Connection.query (/Users/matthewflath/timesheet-app/node_modules/mysql2/lib/connection.js:575:17)\n    at /Users/matthewflath/timesheet-app/routes/users.js:80:33","timestamp":"2024-10-02T20:33:36.082Z"}
{"fatal":true,"level":"error","message":"Error retrieving users: Can't add new command when connection is in closed state","stack":"Error: Can't add new command when connection is in closed state\n    at Connection._addCommandClosedState (/Users/matthewflath/timesheet-app/node_modules/mysql2/lib/connection.js:164:17)\n    at Connection.query (/Users/matthewflath/timesheet-app/node_modules/mysql2/lib/connection.js:575:17)\n    at /Users/matthewflath/timesheet-app/routes/users.js:96:8\n    at Layer.handle [as handle_request] (/Users/matthewflath/timesheet-app/node_modules/express/lib/router/layer.js:95:5)\n    at next (/Users/matthewflath/timesheet-app/node_modules/express/lib/router/route.js:149:13)\n    at Route.dispatch (/Users/matthewflath/timesheet-app/node_modules/express/lib/router/route.js:119:3)\n    at Layer.handle [as handle_request] (/Users/matthewflath/timesheet-app/node_modules/express/lib/router/layer.js:95:5)\n    at /Users/matthewflath/timesheet-app/node_modules/express/lib/router/index.js:284:15\n    at Function.process_params (/Users/matthewflath/timesheet-app/node_modules/express/lib/router/index.js:346:12)\n    at next (/Users/matthewflath/timesheet-app/node_modules/express/lib/router/index.js:280:10)","timestamp":"2024-10-02T20:33:41.735Z"}
{"level":"info","message":"Logger initialized successfully","timestamp":"2024-10-02T20:41:26.034Z"}
{"level":"info","message":"Server running on port %d","timestamp":"2024-10-02T20:41:26.081Z"}
{"level":"info","message":"Connected to MySQL database","timestamp":"2024-10-02T20:41:26.093Z"}
{"level":"info","message":"Connected to MySQL database","timestamp":"2024-10-02T20:41:26.094Z"}
{"code":"ER_DUP_ENTRY","errno":1062,"level":"error","message":"Error registering user: Duplicate entry 'testuser' for key 'users.username'","sql":"INSERT INTO users (username, hashed_password, role) VALUES ('testuser', '$argon2id$v=19$m=65536,t=3,p=4$VPCAhWxq9+WAc4BG+heu4A$6G8FjYKyrD9Aj5HjSRZVX3K3zjUsfwpmP01rb2xCIeU', 'Employee')","sqlMessage":"Duplicate entry 'testuser' for key 'users.username'","sqlState":"23000","stack":"Error: Duplicate entry 'testuser' for key 'users.username'\n    at PromisePool.query (/Users/matthewflath/timesheet-app/node_modules/mysql2/promise.js:356:22)\n    at /Users/matthewflath/timesheet-app/routes/users.js:23:35","timestamp":"2024-10-02T20:41:32.894Z"}
{"level":"info","message":"User logged in successfully:","timestamp":"2024-10-02T20:41:37.407Z","username":"testuser"}
{"level":"info","message":"Logger initialized successfully","timestamp":"2024-10-02T20:46:41.749Z"}
{"level":"info","message":"Server running on port %d","timestamp":"2024-10-02T20:46:41.789Z"}
{"level":"info","message":"Connected to MySQL database","timestamp":"2024-10-02T20:46:41.800Z"}
{"level":"info","message":"Connected to MySQL database","timestamp":"2024-10-02T20:46:41.801Z"}
{"level":"info","message":"User logged in successfully:","timestamp":"2024-10-02T20:46:59.240Z","username":"user1"}
{"level":"info","message":"User logged in successfully:","timestamp":"2024-10-02T20:55:07.270Z","username":"user1"}
{"level":"info","message":"User logged in successfully:","timestamp":"2024-10-02T20:56:49.603Z","username":"testuser"}
{"level":"info","message":"Logger initialized successfully","timestamp":"2024-10-02T21:13:54.591Z"}
{"level":"info","message":"Server running on port %d","timestamp":"2024-10-02T21:13:54.634Z"}
{"level":"info","message":"Connected to MySQL database","timestamp":"2024-10-02T21:13:54.646Z"}
{"level":"info","message":"Connected to MySQL database","timestamp":"2024-10-02T21:13:54.647Z"}
{"level":"info","message":"User logged in successfully:","timestamp":"2024-10-02T21:15:11.769Z","username":"testuser"}
{"level":"info","message":"User logged in successfully:","timestamp":"2024-10-02T21:16:33.683Z","username":"testuser"}
{"level":"info","message":"Logger initialized successfully","timestamp":"2024-10-02T21:19:41.966Z"}
{"level":"info","message":"Server running on port %d","timestamp":"2024-10-02T21:19:42.002Z"}
{"level":"info","message":"Connected to MySQL database","timestamp":"2024-10-02T21:19:42.014Z"}
{"level":"info","message":"Connected to MySQL database","timestamp":"2024-10-02T21:19:42.015Z"}
{"level":"info","message":"User logged in successfully:","timestamp":"2024-10-02T21:19:56.533Z","username":"testuser"}
{"level":"info","message":"Logger initialized successfully","timestamp":"2024-10-02T21:21:34.126Z"}
{"level":"info","message":"Server running on port %d","timestamp":"2024-10-02T21:21:34.163Z"}
{"level":"info","message":"Connected to MySQL database","timestamp":"2024-10-02T21:21:34.174Z"}
{"level":"info","message":"Connected to MySQL database","timestamp":"2024-10-02T21:21:34.175Z"}
{"level":"info","message":"User logged in successfully:","timestamp":"2024-10-02T21:21:44.921Z","username":"user4"}
{"level":"info","message":"User logged in successfully:","timestamp":"2024-10-02T21:22:28.119Z","username":"user4"}
{"level":"info","message":"Logger initialized successfully","timestamp":"2024-10-02T21:30:04.346Z"}
{"level":"info","message":"Server running on port %d","timestamp":"2024-10-02T21:30:04.388Z"}
{"level":"info","message":"Connected to MySQL database","timestamp":"2024-10-02T21:30:04.403Z"}
{"level":"info","message":"Connected to MySQL database","timestamp":"2024-10-02T21:30:04.404Z"}
{"level":"info","message":"User logged in successfully:","timestamp":"2024-10-02T21:31:29.611Z","username":"user5"}
{"level":"info","message":"Logger initialized successfully","timestamp":"2024-10-02T21:35:28.637Z"}
{"level":"info","message":"Server running on port %d","timestamp":"2024-10-02T21:35:28.673Z"}
{"level":"info","message":"Connected to MySQL database","timestamp":"2024-10-02T21:35:28.684Z"}
{"level":"info","message":"Connected to MySQL database","timestamp":"2024-10-02T21:35:28.685Z"}
{"level":"info","message":"User logged in successfully:","timestamp":"2024-10-02T21:36:11.375Z","username":"user5"}
{"level":"info","message":"Logger initialized successfully","timestamp":"2024-10-02T21:52:44.168Z"}
{"level":"info","message":"Server running on port %d","timestamp":"2024-10-02T21:52:44.211Z"}
{"level":"info","message":"Connected to MySQL database","timestamp":"2024-10-02T21:52:44.223Z"}
{"level":"info","message":"Connected to MySQL database","timestamp":"2024-10-02T21:52:44.224Z"}
{"code":"ER_TRUNCATED_WRONG_VALUE","errno":1292,"level":"error","message":"Error updating user: Truncated incorrect DOUBLE value: 'profile'","sql":"UPDATE users SET username = NULL, role = NULL WHERE id = 'profile'","sqlMessage":"Truncated incorrect DOUBLE value: 'profile'","sqlState":"22007","stack":"Error: Truncated incorrect DOUBLE value: 'profile'\n    at PromisePool.query (/Users/matthewflath/timesheet-app/node_modules/mysql2/promise.js:356:22)\n    at /Users/matthewflath/timesheet-app/routes/users.js:123:35\n    at Layer.handle [as handle_request] (/Users/matthewflath/timesheet-app/node_modules/express/lib/router/layer.js:95:5)\n    at next (/Users/matthewflath/timesheet-app/node_modules/express/lib/router/route.js:149:13)\n    at Route.dispatch (/Users/matthewflath/timesheet-app/node_modules/express/lib/router/route.js:119:3)\n    at Layer.handle [as handle_request] (/Users/matthewflath/timesheet-app/node_modules/express/lib/router/layer.js:95:5)\n    at /Users/matthewflath/timesheet-app/node_modules/express/lib/router/index.js:284:15\n    at param (/Users/matthewflath/timesheet-app/node_modules/express/lib/router/index.js:365:14)\n    at param (/Users/matthewflath/timesheet-app/node_modules/express/lib/router/index.js:376:14)\n    at Function.process_params (/Users/matthewflath/timesheet-app/node_modules/express/lib/router/index.js:421:3)","timestamp":"2024-10-02T21:52:46.856Z"}
{"level":"info","message":"Logger initialized successfully","timestamp":"2024-10-02T21:58:06.550Z"}
{"level":"info","message":"Server running on port %d","timestamp":"2024-10-02T21:58:06.590Z"}
{"level":"info","message":"Connected to MySQL database","timestamp":"2024-10-02T21:58:06.602Z"}
{"level":"info","message":"Connected to MySQL database","timestamp":"2024-10-02T21:58:06.603Z"}
{"code":"ER_TRUNCATED_WRONG_VALUE","errno":1292,"level":"error","message":"Error updating user: Truncated incorrect DOUBLE value: 'profile'","sql":"UPDATE users SET username = NULL, role = NULL WHERE id = 'profile'","sqlMessage":"Truncated incorrect DOUBLE value: 'profile'","sqlState":"22007","stack":"Error: Truncated incorrect DOUBLE value: 'profile'\n    at PromisePool.query (/Users/matthewflath/timesheet-app/node_modules/mysql2/promise.js:356:22)\n    at /Users/matthewflath/timesheet-app/routes/users.js:123:35\n    at Layer.handle [as handle_request] (/Users/matthewflath/timesheet-app/node_modules/express/lib/router/layer.js:95:5)\n    at next (/Users/matthewflath/timesheet-app/node_modules/express/lib/router/route.js:149:13)\n    at Route.dispatch (/Users/matthewflath/timesheet-app/node_modules/express/lib/router/route.js:119:3)\n    at Layer.handle [as handle_request] (/Users/matthewflath/timesheet-app/node_modules/express/lib/router/layer.js:95:5)\n    at /Users/matthewflath/timesheet-app/node_modules/express/lib/router/index.js:284:15\n    at param (/Users/matthewflath/timesheet-app/node_modules/express/lib/router/index.js:365:14)\n    at param (/Users/matthewflath/timesheet-app/node_modules/express/lib/router/index.js:376:14)\n    at Function.process_params (/Users/matthewflath/timesheet-app/node_modules/express/lib/router/index.js:421:3)","timestamp":"2024-10-02T21:58:11.685Z"}
{"code":"ER_TRUNCATED_WRONG_VALUE","errno":1292,"level":"error","message":"Error updating user: Truncated incorrect DOUBLE value: 'profile'","sql":"UPDATE users SET username = NULL, role = NULL WHERE id = 'profile'","sqlMessage":"Truncated incorrect DOUBLE value: 'profile'","sqlState":"22007","stack":"Error: Truncated incorrect DOUBLE value: 'profile'\n    at PromisePool.query (/Users/matthewflath/timesheet-app/node_modules/mysql2/promise.js:356:22)\n    at /Users/matthewflath/timesheet-app/routes/users.js:123:35\n    at Layer.handle [as handle_request] (/Users/matthewflath/timesheet-app/node_modules/express/lib/router/layer.js:95:5)\n    at next (/Users/matthewflath/timesheet-app/node_modules/express/lib/router/route.js:149:13)\n    at Route.dispatch (/Users/matthewflath/timesheet-app/node_modules/express/lib/router/route.js:119:3)\n    at Layer.handle [as handle_request] (/Users/matthewflath/timesheet-app/node_modules/express/lib/router/layer.js:95:5)\n    at /Users/matthewflath/timesheet-app/node_modules/express/lib/router/index.js:284:15\n    at param (/Users/matthewflath/timesheet-app/node_modules/express/lib/router/index.js:365:14)\n    at param (/Users/matthewflath/timesheet-app/node_modules/express/lib/router/index.js:376:14)\n    at Function.process_params (/Users/matthewflath/timesheet-app/node_modules/express/lib/router/index.js:421:3)","timestamp":"2024-10-02T21:58:56.553Z"}
{"code":"ER_TRUNCATED_WRONG_VALUE","errno":1292,"level":"error","message":"Error updating user: Truncated incorrect DOUBLE value: 'profile'","sql":"UPDATE users SET username = NULL, role = NULL WHERE id = 'profile'","sqlMessage":"Truncated incorrect DOUBLE value: 'profile'","sqlState":"22007","stack":"Error: Truncated incorrect DOUBLE value: 'profile'\n    at PromisePool.query (/Users/matthewflath/timesheet-app/node_modules/mysql2/promise.js:356:22)\n    at /Users/matthewflath/timesheet-app/routes/users.js:123:35\n    at Layer.handle [as handle_request] (/Users/matthewflath/timesheet-app/node_modules/express/lib/router/layer.js:95:5)\n    at next (/Users/matthewflath/timesheet-app/node_modules/express/lib/router/route.js:149:13)\n    at Route.dispatch (/Users/matthewflath/timesheet-app/node_modules/express/lib/router/route.js:119:3)\n    at Layer.handle [as handle_request] (/Users/matthewflath/timesheet-app/node_modules/express/lib/router/layer.js:95:5)\n    at /Users/matthewflath/timesheet-app/node_modules/express/lib/router/index.js:284:15\n    at param (/Users/matthewflath/timesheet-app/node_modules/express/lib/router/index.js:365:14)\n    at param (/Users/matthewflath/timesheet-app/node_modules/express/lib/router/index.js:376:14)\n    at Function.process_params (/Users/matthewflath/timesheet-app/node_modules/express/lib/router/index.js:421:3)","timestamp":"2024-10-02T21:59:53.671Z"}
{"level":"info","message":"User logged in successfully:","timestamp":"2024-10-02T22:00:53.157Z","username":"newuser"}
{"code":"ER_TRUNCATED_WRONG_VALUE","errno":1292,"level":"error","message":"Error updating user: Truncated incorrect DOUBLE value: 'profile'","sql":"UPDATE users SET username = NULL, role = NULL WHERE id = 'profile'","sqlMessage":"Truncated incorrect DOUBLE value: 'profile'","sqlState":"22007","stack":"Error: Truncated incorrect DOUBLE value: 'profile'\n    at PromisePool.query (/Users/matthewflath/timesheet-app/node_modules/mysql2/promise.js:356:22)\n    at /Users/matthewflath/timesheet-app/routes/users.js:123:35\n    at Layer.handle [as handle_request] (/Users/matthewflath/timesheet-app/node_modules/express/lib/router/layer.js:95:5)\n    at next (/Users/matthewflath/timesheet-app/node_modules/express/lib/router/route.js:149:13)\n    at Route.dispatch (/Users/matthewflath/timesheet-app/node_modules/express/lib/router/route.js:119:3)\n    at Layer.handle [as handle_request] (/Users/matthewflath/timesheet-app/node_modules/express/lib/router/layer.js:95:5)\n    at /Users/matthewflath/timesheet-app/node_modules/express/lib/router/index.js:284:15\n    at param (/Users/matthewflath/timesheet-app/node_modules/express/lib/router/index.js:365:14)\n    at param (/Users/matthewflath/timesheet-app/node_modules/express/lib/router/index.js:376:14)\n    at Function.process_params (/Users/matthewflath/timesheet-app/node_modules/express/lib/router/index.js:421:3)","timestamp":"2024-10-02T22:00:59.600Z"}
{"level":"info","message":"Logger initialized successfully","timestamp":"2024-10-02T22:07:34.903Z"}
{"level":"info","message":"Server running on port %d","timestamp":"2024-10-02T22:07:34.949Z"}
{"level":"info","message":"Connected to MySQL database","timestamp":"2024-10-02T22:07:34.963Z"}
{"level":"info","message":"Connected to MySQL database","timestamp":"2024-10-02T22:07:34.964Z"}
{"level":"info","message":"Logger initialized successfully","timestamp":"2024-10-02T22:21:05.824Z"}
{"level":"info","message":"Server running on port %d","timestamp":"2024-10-02T22:21:05.872Z"}
{"level":"info","message":"Connected to MySQL database","timestamp":"2024-10-02T22:21:05.885Z"}
{"level":"info","message":"Connected to MySQL database","timestamp":"2024-10-02T22:21:05.886Z"}
{"code":"ER_TRUNCATED_WRONG_VALUE","errno":1292,"level":"error","message":"Error updating user: Truncated incorrect DOUBLE value: 'profile'","sql":"UPDATE users SET username = NULL, role = NULL WHERE id = 'profile'","sqlMessage":"Truncated incorrect DOUBLE value: 'profile'","sqlState":"22007","stack":"Error: Truncated incorrect DOUBLE value: 'profile'\n    at PromisePool.query (/Users/matthewflath/timesheet-app/node_modules/mysql2/promise.js:356:22)\n    at /Users/matthewflath/timesheet-app/routes/users.js:124:35\n    at Layer.handle [as handle_request] (/Users/matthewflath/timesheet-app/node_modules/express/lib/router/layer.js:95:5)\n    at next (/Users/matthewflath/timesheet-app/node_modules/express/lib/router/route.js:149:13)\n    at Route.dispatch (/Users/matthewflath/timesheet-app/node_modules/express/lib/router/route.js:119:3)\n    at Layer.handle [as handle_request] (/Users/matthewflath/timesheet-app/node_modules/express/lib/router/layer.js:95:5)\n    at /Users/matthewflath/timesheet-app/node_modules/express/lib/router/index.js:284:15\n    at param (/Users/matthewflath/timesheet-app/node_modules/express/lib/router/index.js:365:14)\n    at param (/Users/matthewflath/timesheet-app/node_modules/express/lib/router/index.js:376:14)\n    at Function.process_params (/Users/matthewflath/timesheet-app/node_modules/express/lib/router/index.js:421:3)","timestamp":"2024-10-02T22:21:43.422Z"}
{"code":"ER_TRUNCATED_WRONG_VALUE","errno":1292,"level":"error","message":"Error updating user: Truncated incorrect DOUBLE value: 'profile'","sql":"UPDATE users SET username = NULL, role = NULL WHERE id = 'profile'","sqlMessage":"Truncated incorrect DOUBLE value: 'profile'","sqlState":"22007","stack":"Error: Truncated incorrect DOUBLE value: 'profile'\n    at PromisePool.query (/Users/matthewflath/timesheet-app/node_modules/mysql2/promise.js:356:22)\n    at /Users/matthewflath/timesheet-app/routes/users.js:124:35\n    at Layer.handle [as handle_request] (/Users/matthewflath/timesheet-app/node_modules/express/lib/router/layer.js:95:5)\n    at next (/Users/matthewflath/timesheet-app/node_modules/express/lib/router/route.js:149:13)\n    at Route.dispatch (/Users/matthewflath/timesheet-app/node_modules/express/lib/router/route.js:119:3)\n    at Layer.handle [as handle_request] (/Users/matthewflath/timesheet-app/node_modules/express/lib/router/layer.js:95:5)\n    at /Users/matthewflath/timesheet-app/node_modules/express/lib/router/index.js:284:15\n    at param (/Users/matthewflath/timesheet-app/node_modules/express/lib/router/index.js:365:14)\n    at param (/Users/matthewflath/timesheet-app/node_modules/express/lib/router/index.js:376:14)\n    at Function.process_params (/Users/matthewflath/timesheet-app/node_modules/express/lib/router/index.js:421:3)","timestamp":"2024-10-02T22:23:13.275Z"}
{"level":"info","message":"Logger initialized successfully","timestamp":"2024-10-02T22:26:29.030Z"}
{"level":"info","message":"Server running on port %d","timestamp":"2024-10-02T22:26:29.071Z"}
{"level":"info","message":"Connected to MySQL database","timestamp":"2024-10-02T22:26:29.084Z"}
{"level":"info","message":"Connected to MySQL database","timestamp":"2024-10-02T22:26:29.085Z"}
{"level":"info","message":"User logged in successfully:","timestamp":"2024-10-02T22:26:37.285Z","username":"newuser"}
{"code":"ER_TRUNCATED_WRONG_VALUE","errno":1292,"level":"error","message":"Error updating user: Truncated incorrect DOUBLE value: 'profile'","sql":"UPDATE users SET username = NULL, role = NULL WHERE id = 'profile'","sqlMessage":"Truncated incorrect DOUBLE value: 'profile'","sqlState":"22007","stack":"Error: Truncated incorrect DOUBLE value: 'profile'\n    at PromisePool.query (/Users/matthewflath/timesheet-app/node_modules/mysql2/promise.js:356:22)\n    at /Users/matthewflath/timesheet-app/routes/users.js:124:35\n    at Layer.handle [as handle_request] (/Users/matthewflath/timesheet-app/node_modules/express/lib/router/layer.js:95:5)\n    at next (/Users/matthewflath/timesheet-app/node_modules/express/lib/router/route.js:149:13)\n    at Route.dispatch (/Users/matthewflath/timesheet-app/node_modules/express/lib/router/route.js:119:3)\n    at Layer.handle [as handle_request] (/Users/matthewflath/timesheet-app/node_modules/express/lib/router/layer.js:95:5)\n    at /Users/matthewflath/timesheet-app/node_modules/express/lib/router/index.js:284:15\n    at param (/Users/matthewflath/timesheet-app/node_modules/express/lib/router/index.js:365:14)\n    at param (/Users/matthewflath/timesheet-app/node_modules/express/lib/router/index.js:376:14)\n    at Function.process_params (/Users/matthewflath/timesheet-app/node_modules/express/lib/router/index.js:421:3)","timestamp":"2024-10-02T22:26:42.906Z"}
{"level":"info","message":"Logger initialized successfully","timestamp":"2024-10-02T22:29:44.421Z"}
{"level":"info","message":"Server running on port %d","timestamp":"2024-10-02T22:29:44.457Z"}
{"level":"info","message":"Connected to MySQL database","timestamp":"2024-10-02T22:29:44.468Z"}
{"level":"info","message":"Connected to MySQL database","timestamp":"2024-10-02T22:29:44.469Z"}
{"level":"info","message":"User logged in successfully:","timestamp":"2024-10-02T22:29:55.175Z","username":"newuser"}
{"code":"ER_TRUNCATED_WRONG_VALUE","errno":1292,"level":"error","message":"Error updating user: Truncated incorrect DOUBLE value: 'profile'","sql":"UPDATE users SET username = NULL, role = NULL WHERE id = 'profile'","sqlMessage":"Truncated incorrect DOUBLE value: 'profile'","sqlState":"22007","stack":"Error: Truncated incorrect DOUBLE value: 'profile'\n    at PromisePool.query (/Users/matthewflath/timesheet-app/node_modules/mysql2/promise.js:356:22)\n    at /Users/matthewflath/timesheet-app/routes/users.js:124:35\n    at Layer.handle [as handle_request] (/Users/matthewflath/timesheet-app/node_modules/express/lib/router/layer.js:95:5)\n    at next (/Users/matthewflath/timesheet-app/node_modules/express/lib/router/route.js:149:13)\n    at Route.dispatch (/Users/matthewflath/timesheet-app/node_modules/express/lib/router/route.js:119:3)\n    at Layer.handle [as handle_request] (/Users/matthewflath/timesheet-app/node_modules/express/lib/router/layer.js:95:5)\n    at /Users/matthewflath/timesheet-app/node_modules/express/lib/router/index.js:284:15\n    at param (/Users/matthewflath/timesheet-app/node_modules/express/lib/router/index.js:365:14)\n    at param (/Users/matthewflath/timesheet-app/node_modules/express/lib/router/index.js:376:14)\n    at Function.process_params (/Users/matthewflath/timesheet-app/node_modules/express/lib/router/index.js:421:3)","timestamp":"2024-10-02T22:30:01.654Z"}
{"level":"info","message":"Logger initialized successfully","timestamp":"2024-10-02T22:32:01.641Z"}
{"level":"info","message":"Server running on port %d","timestamp":"2024-10-02T22:32:01.682Z"}
{"level":"info","message":"Connected to MySQL database","timestamp":"2024-10-02T22:32:01.694Z"}
{"level":"info","message":"Connected to MySQL database","timestamp":"2024-10-02T22:32:01.695Z"}
{"level":"info","message":"User logged in successfully:","timestamp":"2024-10-02T22:32:15.921Z","username":"testuser2"}
{"code":"ER_TRUNCATED_WRONG_VALUE","errno":1292,"level":"error","message":"Error updating user: Truncated incorrect DOUBLE value: 'profile'","sql":"UPDATE users SET username = NULL, role = NULL WHERE id = 'profile'","sqlMessage":"Truncated incorrect DOUBLE value: 'profile'","sqlState":"22007","stack":"Error: Truncated incorrect DOUBLE value: 'profile'\n    at PromisePool.query (/Users/matthewflath/timesheet-app/node_modules/mysql2/promise.js:356:22)\n    at /Users/matthewflath/timesheet-app/routes/users.js:124:35\n    at Layer.handle [as handle_request] (/Users/matthewflath/timesheet-app/node_modules/express/lib/router/layer.js:95:5)\n    at next (/Users/matthewflath/timesheet-app/node_modules/express/lib/router/route.js:149:13)\n    at Route.dispatch (/Users/matthewflath/timesheet-app/node_modules/express/lib/router/route.js:119:3)\n    at Layer.handle [as handle_request] (/Users/matthewflath/timesheet-app/node_modules/express/lib/router/layer.js:95:5)\n    at /Users/matthewflath/timesheet-app/node_modules/express/lib/router/index.js:284:15\n    at param (/Users/matthewflath/timesheet-app/node_modules/express/lib/router/index.js:365:14)\n    at param (/Users/matthewflath/timesheet-app/node_modules/express/lib/router/index.js:376:14)\n    at Function.process_params (/Users/matthewflath/timesheet-app/node_modules/express/lib/router/index.js:421:3)","timestamp":"2024-10-02T22:32:24.752Z"}
{"level":"info","message":"Logger initialized successfully","timestamp":"2024-10-02T22:37:38.173Z"}
{"level":"info","message":"Server running on port %d","timestamp":"2024-10-02T22:37:38.216Z"}
{"level":"info","message":"Connected to MySQL database","timestamp":"2024-10-02T22:37:38.230Z"}
{"level":"info","message":"Connected to MySQL database","timestamp":"2024-10-02T22:37:38.231Z"}
{"level":"info","message":"User logged in successfully:","timestamp":"2024-10-02T22:37:47.355Z","username":"testuser2"}
{"code":"ER_TRUNCATED_WRONG_VALUE","errno":1292,"level":"error","message":"Error updating user: Truncated incorrect DOUBLE value: 'profile'","sql":"UPDATE users SET username = NULL, role = NULL WHERE id = 'profile'","sqlMessage":"Truncated incorrect DOUBLE value: 'profile'","sqlState":"22007","stack":"Error: Truncated incorrect DOUBLE value: 'profile'\n    at PromisePool.query (/Users/matthewflath/timesheet-app/node_modules/mysql2/promise.js:356:22)\n    at /Users/matthewflath/timesheet-app/routes/users.js:131:35\n    at Layer.handle [as handle_request] (/Users/matthewflath/timesheet-app/node_modules/express/lib/router/layer.js:95:5)\n    at next (/Users/matthewflath/timesheet-app/node_modules/express/lib/router/route.js:149:13)\n    at Route.dispatch (/Users/matthewflath/timesheet-app/node_modules/express/lib/router/route.js:119:3)\n    at Layer.handle [as handle_request] (/Users/matthewflath/timesheet-app/node_modules/express/lib/router/layer.js:95:5)\n    at /Users/matthewflath/timesheet-app/node_modules/express/lib/router/index.js:284:15\n    at param (/Users/matthewflath/timesheet-app/node_modules/express/lib/router/index.js:365:14)\n    at param (/Users/matthewflath/timesheet-app/node_modules/express/lib/router/index.js:376:14)\n    at Function.process_params (/Users/matthewflath/timesheet-app/node_modules/express/lib/router/index.js:421:3)","timestamp":"2024-10-02T22:38:19.624Z"}
{"code":"ER_TRUNCATED_WRONG_VALUE","errno":1292,"level":"error","message":"Error updating user: Truncated incorrect DOUBLE value: 'profile'","sql":"UPDATE users SET username = NULL, role = NULL WHERE id = 'profile'","sqlMessage":"Truncated incorrect DOUBLE value: 'profile'","sqlState":"22007","stack":"Error: Truncated incorrect DOUBLE value: 'profile'\n    at PromisePool.query (/Users/matthewflath/timesheet-app/node_modules/mysql2/promise.js:356:22)\n    at /Users/matthewflath/timesheet-app/routes/users.js:131:35\n    at Layer.handle [as handle_request] (/Users/matthewflath/timesheet-app/node_modules/express/lib/router/layer.js:95:5)\n    at next (/Users/matthewflath/timesheet-app/node_modules/express/lib/router/route.js:149:13)\n    at Route.dispatch (/Users/matthewflath/timesheet-app/node_modules/express/lib/router/route.js:119:3)\n    at Layer.handle [as handle_request] (/Users/matthewflath/timesheet-app/node_modules/express/lib/router/layer.js:95:5)\n    at /Users/matthewflath/timesheet-app/node_modules/express/lib/router/index.js:284:15\n    at param (/Users/matthewflath/timesheet-app/node_modules/express/lib/router/index.js:365:14)\n    at param (/Users/matthewflath/timesheet-app/node_modules/express/lib/router/index.js:376:14)\n    at Function.process_params (/Users/matthewflath/timesheet-app/node_modules/express/lib/router/index.js:421:3)","timestamp":"2024-10-02T22:40:44.870Z"}
